TN:
SF:src/database.ts
FNF:0
FNH:0
DA:1,1
DA:2,1
DA:3,1
DA:4,1
DA:5,1
LF:5
LH:5
BRF:0
BRH:0
end_of_record
TN:
SF:src/index.ts
FNF:0
FNH:0
DA:1,1
DA:2,1
DA:3,1
DA:4,1
DA:5,1
DA:6,1
DA:7,1
DA:8,1
DA:9,1
DA:10,1
DA:11,1
DA:12,1
DA:13,1
DA:14,1
DA:15,1
DA:16,1
DA:17,1
LF:17
LH:17
BRF:0
BRH:0
end_of_record
TN:
SF:src/controllers/authControllers.ts
FN:5,register
FN:11,login
FNF:2
FNH:1
FNDA:3,register
FNDA:0,login
DA:1,1
DA:2,1
DA:3,1
DA:4,1
DA:5,3
DA:6,3
DA:7,3
DA:8,2
DA:9,2
DA:10,1
DA:11,0
DA:12,0
DA:13,0
DA:14,0
DA:15,0
LF:15
LH:10
BRDA:5,0,0,3
BRDA:8,1,0,2
BRF:2
BRH:2
end_of_record
TN:
SF:src/controllers/testControllers.ts
FN:4,createTest
FN:11,getTestDiscipline
FN:16,getTestTeacher
FNF:3
FNH:1
FNDA:3,createTest
FNDA:0,getTestDiscipline
FNDA:0,getTestTeacher
DA:1,1
DA:2,1
DA:3,1
DA:4,3
DA:5,3
DA:6,3
DA:7,1
DA:8,1
DA:9,1
DA:10,1
DA:11,0
DA:12,0
DA:13,0
DA:14,0
DA:15,1
DA:16,0
DA:17,0
DA:18,0
DA:19,0
LF:19
LH:11
BRDA:4,0,0,3
BRDA:7,1,0,1
BRF:2
BRH:2
end_of_record
TN:
SF:src/middlewares/errorHandler.ts
FN:9,errorTypes
FN:34,errorHandler
FNF:2
FNH:2
FNDA:3,errorTypes
FNDA:3,errorHandler
DA:1,1
DA:2,1
DA:3,1
DA:4,1
DA:5,1
DA:6,1
DA:7,1
DA:8,1
DA:9,3
DA:10,3
DA:11,3
DA:12,3
DA:13,3
DA:14,0
DA:15,0
DA:16,3
DA:17,2
DA:18,2
DA:19,1
DA:20,1
DA:21,1
DA:22,0
DA:23,0
DA:24,0
DA:25,0
DA:26,0
DA:27,0
DA:28,0
DA:29,0
DA:30,0
DA:31,0
DA:32,0
DA:33,1
DA:34,3
DA:35,3
DA:36,3
DA:37,3
DA:38,3
DA:39,3
DA:40,3
DA:41,3
DA:42,3
DA:43,3
LF:43
LH:30
BRDA:9,0,0,3
BRDA:13,1,0,0
BRDA:16,2,0,2
BRDA:19,3,0,1
BRDA:22,4,0,0
BRDA:34,5,0,3
BRF:6
BRH:4
end_of_record
TN:
SF:src/middlewares/schemaValidator.ts
FN:7,schemaValidator
FNF:1
FNH:1
FNDA:6,schemaValidator
DA:1,1
DA:2,1
DA:3,1
DA:4,1
DA:5,1
DA:6,1
DA:7,6
DA:8,6
DA:9,6
DA:10,6
DA:11,6
DA:12,6
DA:13,0
DA:14,0
DA:15,0
DA:16,6
DA:17,6
DA:18,6
LF:18
LH:15
BRDA:7,0,0,6
BRDA:8,1,0,6
BRDA:12,2,0,0
BRF:3
BRH:2
end_of_record
TN:
SF:src/middlewares/validateToken.ts
FN:9,validateToken
FNF:1
FNH:1
FNDA:3,validateToken
DA:1,1
DA:2,1
DA:3,1
DA:4,1
DA:5,1
DA:6,1
DA:7,1
DA:8,1
DA:9,3
DA:10,3
DA:11,3
DA:12,3
DA:13,3
DA:14,3
DA:15,3
DA:16,0
DA:17,0
DA:18,3
DA:19,3
DA:20,3
DA:21,3
DA:22,3
DA:23,3
DA:24,0
DA:25,0
DA:26,3
DA:27,3
DA:28,3
DA:29,0
DA:30,0
DA:31,3
LF:31
LH:25
BRDA:9,0,0,3
BRDA:15,1,0,0
BRDA:18,2,0,0
BRDA:23,3,0,0
BRDA:28,4,0,0
BRF:5
BRH:1
end_of_record
TN:
SF:src/repositories/categoryRepository.ts
FN:3,getCategoryById
FNF:1
FNH:1
FNDA:3,getCategoryById
DA:1,1
DA:2,1
DA:3,3
DA:4,3
DA:5,3
DA:6,3
DA:7,3
DA:8,3
LF:8
LH:8
BRDA:3,0,0,3
BRF:1
BRH:1
end_of_record
TN:
SF:src/repositories/disciplineRepository.ts
FN:3,getDisciplineById
FNF:1
FNH:1
FNDA:1,getDisciplineById
DA:1,1
DA:2,1
DA:3,1
DA:4,1
DA:5,1
DA:6,1
DA:7,1
DA:8,1
LF:8
LH:8
BRDA:3,0,0,1
BRF:1
BRH:1
end_of_record
TN:
SF:src/repositories/teacherDisciplineRepository.ts
FN:3,getTeacherDiscipline
FNF:1
FNH:1
FNDA:1,getTeacherDiscipline
DA:1,1
DA:2,1
DA:3,1
DA:4,1
DA:5,1
DA:6,1
DA:7,1
DA:8,1
DA:9,1
DA:10,1
DA:11,1
DA:12,1
DA:13,1
DA:14,1
LF:14
LH:14
BRDA:3,0,0,1
BRF:1
BRH:1
end_of_record
TN:
SF:src/repositories/teacherRepository.ts
FN:3,getTeacherById
FNF:1
FNH:1
FNDA:1,getTeacherById
DA:1,1
DA:2,1
DA:3,1
DA:4,1
DA:5,1
DA:6,1
DA:7,1
DA:8,1
LF:8
LH:8
BRDA:3,0,0,1
BRF:1
BRH:1
end_of_record
TN:
SF:src/repositories/testRepository.ts
FN:4,insertTest
FN:9,getTestsDiscipline
FN:79,getTestTeacher
FNF:3
FNH:1
FNDA:1,insertTest
FNDA:0,getTestsDiscipline
FNDA:0,getTestTeacher
DA:1,1
DA:2,1
DA:3,1
DA:4,1
DA:5,1
DA:6,1
DA:7,1
DA:8,1
DA:9,0
DA:10,0
DA:11,0
DA:12,0
DA:13,0
DA:14,0
DA:15,0
DA:16,0
DA:17,0
DA:18,0
DA:19,0
DA:20,0
DA:21,0
DA:22,0
DA:23,0
DA:24,0
DA:25,0
DA:26,0
DA:27,0
DA:28,0
DA:29,0
DA:30,0
DA:31,0
DA:32,0
DA:33,0
DA:34,0
DA:35,0
DA:36,0
DA:37,0
DA:38,0
DA:39,0
DA:40,0
DA:41,0
DA:42,0
DA:43,0
DA:44,0
DA:45,0
DA:46,0
DA:47,0
DA:48,0
DA:49,0
DA:50,0
DA:51,0
DA:52,0
DA:53,0
DA:54,0
DA:55,0
DA:56,0
DA:57,0
DA:58,0
DA:59,0
DA:60,0
DA:61,0
DA:62,0
DA:63,0
DA:64,0
DA:65,0
DA:66,0
DA:67,0
DA:68,0
DA:69,0
DA:70,0
DA:71,0
DA:72,0
DA:73,0
DA:74,0
DA:75,0
DA:76,0
DA:77,0
DA:78,1
DA:79,0
DA:80,0
DA:81,0
DA:82,0
DA:83,0
DA:84,0
DA:85,0
DA:86,0
DA:87,0
DA:88,0
DA:89,0
DA:90,0
DA:91,0
DA:92,0
DA:93,0
DA:94,0
DA:95,0
DA:96,0
DA:97,0
DA:98,0
DA:99,0
DA:100,0
DA:101,0
DA:102,0
DA:103,0
DA:104,0
DA:105,0
DA:106,0
DA:107,0
DA:108,0
DA:109,0
DA:110,0
DA:111,0
DA:112,0
DA:113,0
DA:114,0
DA:115,0
DA:116,0
DA:117,0
DA:118,0
DA:119,0
DA:120,0
DA:121,0
DA:122,0
DA:123,0
DA:124,0
DA:125,0
DA:126,0
DA:127,0
DA:128,0
DA:129,0
DA:130,0
DA:131,0
DA:132,0
DA:133,0
DA:134,0
DA:135,0
DA:136,0
LF:136
LH:9
BRDA:4,0,0,1
BRF:1
BRH:1
end_of_record
TN:
SF:src/repositories/userRepository.ts
FN:4,insert
FN:9,findByEmail
FN:14,findById
FNF:3
FNH:3
FNDA:2,insert
FNDA:3,findByEmail
FNDA:3,findById
DA:1,1
DA:2,1
DA:3,1
DA:4,2
DA:5,2
DA:6,2
DA:7,2
DA:8,1
DA:9,3
DA:10,3
DA:11,3
DA:12,3
DA:13,1
DA:14,3
DA:15,3
DA:16,3
DA:17,3
LF:17
LH:17
BRDA:4,0,0,2
BRDA:9,1,0,3
BRDA:14,2,0,3
BRF:3
BRH:3
end_of_record
TN:
SF:src/routers/authRouter.ts
FNF:0
FNH:0
DA:1,1
DA:2,1
DA:3,1
DA:4,1
DA:5,1
DA:6,1
DA:7,1
DA:8,1
DA:9,1
DA:10,1
DA:11,1
DA:12,1
DA:13,1
DA:14,1
DA:15,1
DA:16,1
DA:17,1
DA:18,1
LF:18
LH:18
BRF:0
BRH:0
end_of_record
TN:
SF:src/routers/index.ts
FNF:0
FNH:0
DA:1,1
DA:2,1
DA:3,1
DA:4,1
DA:5,1
DA:6,1
DA:7,1
DA:8,1
DA:9,1
DA:10,1
LF:10
LH:10
BRF:0
BRH:0
end_of_record
TN:
SF:src/routers/testRouter.ts
FNF:0
FNH:0
DA:1,1
DA:2,1
DA:3,1
DA:4,1
DA:5,1
DA:6,1
DA:7,1
DA:8,1
DA:9,1
DA:10,1
DA:11,1
DA:12,1
DA:13,1
DA:14,1
DA:15,1
DA:16,1
DA:17,1
DA:18,1
DA:19,1
DA:20,1
DA:21,1
DA:22,1
DA:23,1
LF:23
LH:23
BRF:0
BRH:0
end_of_record
TN:
SF:src/schemas/authSchemas.ts
FNF:0
FNH:0
DA:1,1
DA:2,1
DA:3,1
DA:4,1
DA:5,1
DA:6,1
DA:7,1
DA:8,1
DA:9,1
DA:10,1
DA:11,1
DA:12,1
DA:13,1
DA:14,1
DA:15,1
DA:16,1
DA:17,1
DA:18,1
DA:19,1
DA:20,1
DA:21,1
DA:22,1
DA:23,1
DA:24,1
DA:25,1
DA:26,1
DA:27,1
DA:28,1
DA:29,1
DA:30,1
DA:31,1
DA:32,1
DA:33,1
DA:34,1
DA:35,1
DA:36,1
DA:37,1
DA:38,1
DA:39,1
LF:39
LH:39
BRF:0
BRH:0
end_of_record
TN:
SF:src/schemas/schemas.ts
FNF:0
FNH:0
DA:1,1
DA:2,1
DA:3,1
DA:4,1
DA:5,1
DA:6,1
DA:7,1
DA:8,1
DA:9,1
DA:10,1
DA:11,1
DA:12,1
LF:12
LH:12
BRF:0
BRH:0
end_of_record
TN:
SF:src/schemas/testSchema.ts
FNF:0
FNH:0
DA:1,1
DA:2,1
DA:3,1
DA:4,1
DA:5,1
DA:6,1
DA:7,1
DA:8,1
DA:9,1
DA:10,1
DA:11,1
LF:11
LH:11
BRF:0
BRH:0
end_of_record
TN:
SF:src/services/categoryService.ts
FN:3,getCategoryById
FNF:1
FNH:1
FNDA:3,getCategoryById
DA:1,1
DA:2,1
DA:3,3
DA:4,3
DA:5,3
DA:6,3
LF:6
LH:6
BRDA:3,0,0,3
BRF:1
BRH:1
end_of_record
TN:
SF:src/services/disciplineService.ts
FN:3,getDisciplineById
FNF:1
FNH:1
FNDA:1,getDisciplineById
DA:1,1
DA:2,1
DA:3,1
DA:4,1
DA:5,1
DA:6,1
LF:6
LH:6
BRDA:3,0,0,1
BRF:1
BRH:1
end_of_record
TN:
SF:src/services/teacherService.ts
FN:3,getTeacherById
FNF:1
FNH:1
FNDA:1,getTeacherById
DA:1,1
DA:2,1
DA:3,1
DA:4,1
DA:5,1
DA:6,1
DA:7,1
LF:7
LH:7
BRDA:3,0,0,1
BRF:1
BRH:1
end_of_record
TN:
SF:src/services/testService.ts
FN:14,createTest
FN:47,getTestDiscipline
FN:52,getTestTeacher
FNF:3
FNH:1
FNDA:3,createTest
FNDA:0,getTestDiscipline
FNDA:0,getTestTeacher
DA:1,1
DA:2,1
DA:3,1
DA:4,1
DA:5,1
DA:6,1
DA:7,1
DA:8,1
DA:9,1
DA:10,1
DA:11,1
DA:12,1
DA:13,1
DA:14,3
DA:15,3
DA:16,3
DA:17,3
DA:18,3
DA:19,1
DA:20,1
DA:21,3
DA:22,1
DA:23,1
DA:24,3
DA:25,1
DA:26,1
DA:27,1
DA:28,1
DA:29,1
DA:30,1
DA:31,1
DA:32,3
DA:33,0
DA:34,0
DA:35,0
DA:36,1
DA:37,1
DA:38,1
DA:39,1
DA:40,1
DA:41,1
DA:42,1
DA:43,1
DA:44,1
DA:45,1
DA:46,1
DA:47,0
DA:48,0
DA:49,0
DA:50,0
DA:51,1
DA:52,0
DA:53,0
DA:54,0
DA:55,0
LF:55
LH:44
BRDA:14,0,0,3
BRDA:18,1,0,2
BRDA:19,2,0,1
BRDA:21,3,0,0
BRDA:22,4,0,1
BRDA:24,5,0,0
BRDA:25,6,0,1
BRDA:32,7,0,0
BRDA:36,8,0,1
BRF:9
BRH:6
end_of_record
TN:
SF:src/services/userService.ts
FN:9,registerUser
FN:19,loginUser
FNF:2
FNH:1
FNDA:3,registerUser
FNDA:0,loginUser
DA:1,1
DA:2,1
DA:3,1
DA:4,1
DA:5,1
DA:6,1
DA:7,1
DA:8,1
DA:9,3
DA:10,3
DA:11,3
DA:12,1
DA:13,1
DA:14,2
DA:15,2
DA:16,2
DA:17,2
DA:18,1
DA:19,0
DA:20,0
DA:21,0
DA:22,0
DA:23,0
DA:24,0
DA:25,0
DA:26,0
DA:27,0
DA:28,0
DA:29,0
DA:30,0
DA:31,0
LF:31
LH:18
BRDA:9,0,0,3
BRDA:11,1,0,1
BRDA:14,2,0,2
BRF:3
BRH:3
end_of_record
TN:
SF:tests/factories/testFactory.ts
FN:3,generateTest
FNF:1
FNH:1
FNDA:3,generateTest
DA:1,1
DA:2,1
DA:3,3
DA:4,3
DA:5,3
DA:6,3
DA:7,3
DA:8,3
DA:9,3
DA:10,3
DA:11,3
LF:11
LH:11
BRDA:3,0,0,3
BRF:1
BRH:1
end_of_record
TN:
SF:tests/factories/tokenFactory.ts
FN:7,generateToken
FNF:1
FNH:1
FNDA:3,generateToken
DA:1,1
DA:2,1
DA:3,1
DA:4,1
DA:5,1
DA:6,1
DA:7,3
DA:8,3
DA:9,3
DA:10,3
DA:11,3
DA:12,3
DA:13,3
DA:14,3
LF:14
LH:14
BRDA:7,0,0,3
BRF:1
BRH:1
end_of_record
TN:
SF:tests/factories/userFactory.ts
FN:6,generateUser
FN:26,insertUser
FNF:2
FNH:2
FNDA:5,generateUser
FNDA:3,insertUser
DA:1,1
DA:2,1
DA:3,1
DA:4,1
DA:5,1
DA:6,5
DA:7,5
DA:8,5
DA:9,5
DA:10,5
DA:11,5
DA:12,5
DA:13,5
DA:14,5
DA:15,5
DA:16,5
DA:17,5
DA:18,5
DA:19,5
DA:20,5
DA:21,5
DA:22,5
DA:23,5
DA:24,5
DA:25,1
DA:26,3
DA:27,3
DA:28,3
DA:29,3
DA:30,3
DA:31,3
DA:32,3
DA:33,3
DA:34,3
DA:35,3
DA:36,3
DA:37,3
DA:38,3
DA:39,3
LF:39
LH:39
BRDA:6,0,0,5
BRDA:26,1,0,3
BRF:2
BRH:2
end_of_record
